<?xml version="1.0" encoding="UTF-8"?>
<!-- Generated by org.testng.reporters.JUnitReportReporter -->
<testsuite hostname="HPDA0017" name="test_classes.test_for_mozilla" tests="1" failures="0" timestamp="16 Jul 2018 12:28:55 GMT" time="2.178" errors="0">
  <testcase name="testingForMozilla" time="2.178" classname="test_classes.test_for_mozilla"/>
</testsuite> <!-- test_classes.test_for_mozilla -->
