<?xml version="1.0" encoding="UTF-8"?>
<!-- Generated by org.testng.reporters.JUnitReportReporter -->
<testsuite hostname="HPDA0017" name="test_classes.hrisTimesheetTest" tests="1" failures="0" timestamp="16 Jul 2018 14:39:10 GMT" time="0.375" errors="0">
  <testcase name="testing_timesheetPage" time="0.375" classname="test_classes.hrisTimesheetTest"/>
</testsuite> <!-- test_classes.hrisTimesheetTest -->
