<?xml version="1.0" encoding="UTF-8"?>
<!-- Generated by org.testng.reporters.JUnitReportReporter -->
<testsuite hostname="HPDA0017" name="test_classes.hrisHomePageTest" tests="1" failures="0" timestamp="16 Jul 2018 14:39:10 GMT" time="2.527" errors="0">
  <testcase name="testing_homePage" time="2.527" classname="test_classes.hrisHomePageTest"/>
</testsuite> <!-- test_classes.hrisHomePageTest -->
