<?xml version="1.0" encoding="UTF-8"?>
<!-- Generated by org.testng.reporters.JUnitReportReporter -->
<testsuite hostname="HPDA0017" name="test_classes.test_demo" tests="1" failures="0" timestamp="16 Jul 2018 10:10:28 GMT" time="2.934" errors="0">
  <testcase name="testing" time="2.934" classname="test_classes.test_demo"/>
</testsuite> <!-- test_classes.test_demo -->
